<?xml version="1.0" encoding="UTF-8"?>
<!-- Generated by org.testng.reporters.JUnitXMLReporter -->
<testsuite ignored="0" hostname="Raj" failures="0" tests="3" name="edgeTest" time="28.796" errors="0" timestamp="2024-09-25T16:00:27 IST">
  <testcase classname="crossbrowsing.crossBrowsing" name="testLogo" time="0.369"/>
  <testcase classname="crossbrowsing.crossBrowsing" name="testTitle" time="0.023"/>
  <testcase classname="crossbrowsing.crossBrowsing" name="verifyUrl" time="0.003"/>
</testsuite> <!-- edgeTest -->
