<?xml version="1.0" encoding="UTF-8"?>
<!-- Generated by org.testng.reporters.JUnitXMLReporter -->
<testsuite ignored="0" hostname="Raj" failures="0" tests="3" name="firefoxTest" time="36.74" errors="0" timestamp="2024-09-25T16:00:36 IST">
  <testcase classname="crossbrowsing.crossBrowsing" name="testLogo" time="0.051"/>
  <testcase classname="crossbrowsing.crossBrowsing" name="testTitle" time="0.009"/>
  <testcase classname="crossbrowsing.crossBrowsing" name="verifyUrl" time="0.002"/>
</testsuite> <!-- firefoxTest -->
