<?xml version="1.0" encoding="UTF-8"?>
<!-- Generated by org.testng.reporters.JUnitXMLReporter -->
<testsuite ignored="6" hostname="Raj" failures="0" tests="3" name="grouping" time="0.105" errors="0" timestamp="2024-09-25T09:04:17 IST">
  <testcase classname="grouping_testng.paymentTest" name="rupees" time="0.019"/>
  <testcase classname="grouping_testng.paymentTest" name="dollers" time="0.002"/>
  <testcase classname="grouping_testng.paymentTest" name="pounds" time="0.004"/>
  <testcase classname="grouping_testng.loginTest" name="loginnaukri" time="0.0">
    <ignored/>
  </testcase> <!-- loginnaukri -->
  <testcase classname="grouping_testng.signup" name="loginGmail" time="0.0">
    <ignored/>
  </testcase> <!-- loginGmail -->
  <testcase classname="grouping_testng.loginTest" name="loginlinkedin" time="0.0">
    <ignored/>
  </testcase> <!-- loginlinkedin -->
  <testcase classname="grouping_testng.loginTest" name="loginGmail" time="0.0">
    <ignored/>
  </testcase> <!-- loginGmail -->
  <testcase classname="grouping_testng.signup" name="loginnaukri" time="0.0">
    <ignored/>
  </testcase> <!-- loginnaukri -->
  <testcase classname="grouping_testng.signup" name="loginlinkedin" time="0.0">
    <ignored/>
  </testcase> <!-- loginlinkedin -->
</testsuite> <!-- grouping -->
