<?xml version="1.0" encoding="UTF-8"?>
<!-- Generated by org.testng.reporters.JUnitXMLReporter -->
<testsuite ignored="0" hostname="Raj" failures="1" tests="3" name="listenersConcept" time="15.579" errors="0" timestamp="2024-09-26T10:11:45 IST">
  <testcase classname="listeners.orangeHRM" name="testLogo" time="0.106"/>
  <testcase classname="listeners.orangeHRM" name="testTitle" time="0.061"/>
  <testcase classname="listeners.orangeHRM" name="verifyUrl" time="0.026">
    <failure type="java.lang.AssertionError" message="expected [OrangeHR] but found [OrangeHRM]">
      <![CDATA[java.lang.AssertionError: expected [OrangeHR] but found [OrangeHRM]
at listeners.orangeHRM.verifyUrl(orangeHRM.java:51)
at java.base/java.util.ArrayList.forEach(ArrayList.java:1597)
... Removed 31 stack frames]]>
    </failure>
  </testcase> <!-- verifyUrl -->
</testsuite> <!-- listenersConcept -->
