<?xml version="1.0" encoding="UTF-8"?>
<!-- Generated by org.testng.reporters.JUnitXMLReporter -->
<testsuite ignored="0" hostname="Raj" failures="0" tests="3" name="parallel" time="16.313" errors="0" timestamp="2024-09-25T13:32:36 IST">
  <testcase classname="parallelTesting.parallelTest" name="testLogo" time="0.113"/>
  <testcase classname="parallelTesting.parallelTest" name="testTitle" time="0.022"/>
  <testcase classname="parallelTesting.parallelTest" name="verifyUrl" time="0.007"/>
</testsuite> <!-- parallel -->
