<?xml version="1.0" encoding="UTF-8"?>
<!-- Generated by org.testng.reporters.JUnitXMLReporter -->
<testsuite ignored="0" hostname="Raj" failures="1" tests="3" name="Test" time="22.989" errors="0" timestamp="2024-09-26T14:12:20 IST">
  <testcase classname="extentReports.orangeHRM" name="testLogo" time="0.103"/>
  <testcase classname="extentReports.orangeHRM" name="testTitle" time="0.035"/>
  <testcase classname="extentReports.orangeHRM" name="verifyUrl" time="0.025">
    <failure type="java.lang.AssertionError" message="expected [OrangeHR] but found [OrangeHRM]">
      <![CDATA[java.lang.AssertionError: expected [OrangeHR] but found [OrangeHRM]
at extentReports.orangeHRM.verifyUrl(orangeHRM.java:51)
at java.base/java.util.ArrayList.forEach(ArrayList.java:1597)
... Removed 31 stack frames]]>
    </failure>
  </testcase> <!-- verifyUrl -->
</testsuite> <!-- Test -->
